\BOOKMARK [-1][-]{part.1}{I Hands-On Activities}{}% 1
\BOOKMARK [-1][-]{part.1}{Appendix}{}% 2
\BOOKMARK [0][-]{appendix.A}{Local Materials List}{part.1}% 3
\BOOKMARK [1][-]{section.A.1}{Balance}{appendix.A}% 4
\BOOKMARK [1][-]{section.A.2}{Beakers}{appendix.A}% 5
\BOOKMARK [1][-]{section.A.3}{Blowpipe}{appendix.A}% 6
\BOOKMARK [1][-]{section.A.4}{Bunsen Burner}{appendix.A}% 7
\BOOKMARK [1][-]{section.A.5}{Burettes}{appendix.A}% 8
\BOOKMARK [1][-]{section.A.6}{Containers}{appendix.A}% 9
\BOOKMARK [1][-]{section.A.7}{Crucible}{appendix.A}% 10
\BOOKMARK [1][-]{section.A.8}{Deflagrating Spoon}{appendix.A}% 11
\BOOKMARK [1][-]{section.A.9}{Delivery Tube}{appendix.A}% 12
\BOOKMARK [1][-]{section.A.10}{Drawing Board}{appendix.A}% 13
\BOOKMARK [1][-]{section.A.11}{Droppers}{appendix.A}% 14
\BOOKMARK [1][-]{section.A.12}{Electrodes}{appendix.A}% 15
\BOOKMARK [2][-]{subsection.A.12.1}{Graphite}{section.A.12}% 16
\BOOKMARK [2][-]{subsection.A.12.2}{Zinc}{section.A.12}% 17
\BOOKMARK [2][-]{subsection.A.12.3}{Iron}{section.A.12}% 18
\BOOKMARK [2][-]{subsection.A.12.4}{Copper}{section.A.12}% 19
\BOOKMARK [1][-]{section.A.13}{Filter Paper}{appendix.A}% 20
\BOOKMARK [1][-]{section.A.14}{Flasks}{appendix.A}% 21
\BOOKMARK [1][-]{section.A.15}{Funnel}{appendix.A}% 22
\BOOKMARK [1][-]{section.A.16}{Gloves}{appendix.A}% 23
\BOOKMARK [2][-]{subsection.A.16.1}{Latex gloves}{section.A.16}% 24
\BOOKMARK [2][-]{subsection.A.16.2}{Thick gloves}{section.A.16}% 25
\BOOKMARK [1][-]{section.A.17}{Goggles}{appendix.A}% 26
\BOOKMARK [1][-]{section.A.18}{Heat Sources}{appendix.A}% 27
\BOOKMARK [2][-]{subsection.A.18.1}{Heating Solutions}{section.A.18}% 28
\BOOKMARK [2][-]{subsection.A.18.2}{Heating Solids}{section.A.18}% 29
\BOOKMARK [2][-]{subsection.A.18.3}{Flame Tests}{section.A.18}% 30
\BOOKMARK [1][-]{section.A.19}{Indicator}{appendix.A}% 31
\BOOKMARK [1][-]{section.A.20}{Iron Filings}{appendix.A}% 32
\BOOKMARK [1][-]{section.A.21}{Masses}{appendix.A}% 33
\BOOKMARK [1][-]{section.A.22}{Measuring Cylinder}{appendix.A}% 34
\BOOKMARK [1][-]{section.A.23}{Metre Rule}{appendix.A}% 35
\BOOKMARK [1][-]{section.A.24}{Microscope}{appendix.A}% 36
\BOOKMARK [1][-]{section.A.25}{Mortar and Pestle}{appendix.A}% 37
\BOOKMARK [1][-]{section.A.26}{Optical Pins}{appendix.A}% 38
\BOOKMARK [1][-]{section.A.27}{Pipettes}{appendix.A}% 39
\BOOKMARK [1][-]{section.A.28}{Retort Stand}{appendix.A}% 40
\BOOKMARK [1][-]{section.A.29}{Scale Pans}{appendix.A}% 41
\BOOKMARK [1][-]{section.A.30}{Scalpels}{appendix.A}% 42
\BOOKMARK [1][-]{section.A.31}{Slides and Cover Slips}{appendix.A}% 43
\BOOKMARK [1][-]{section.A.32}{Spatula}{appendix.A}% 44
\BOOKMARK [1][-]{section.A.33}{Stoppers}{appendix.A}% 45
\BOOKMARK [1][-]{section.A.34}{Stopwatches}{appendix.A}% 46
\BOOKMARK [1][-]{section.A.35}{Test Tubes}{appendix.A}% 47
\BOOKMARK [2][-]{subsection.A.35.1}{Plastic Test Tubes}{section.A.35}% 48
\BOOKMARK [2][-]{subsection.A.35.2}{For Thermal Decomposition}{section.A.35}% 49
\BOOKMARK [1][-]{section.A.36}{Test Tube Brush}{appendix.A}% 50
\BOOKMARK [1][-]{section.A.37}{Test Tube Holder / Tongs}{appendix.A}% 51
\BOOKMARK [1][-]{section.A.38}{Test Tube Racks}{appendix.A}% 52
\BOOKMARK [1][-]{section.A.39}{Tripod Stands}{appendix.A}% 53
\BOOKMARK [1][-]{section.A.40}{Volumetric ``Glass''ware}{appendix.A}% 54
\BOOKMARK [1][-]{section.A.41}{Wash Bottle}{appendix.A}% 55
\BOOKMARK [1][-]{section.A.42}{Water Bath}{appendix.A}% 56
\BOOKMARK [1][-]{section.A.43}{Weights}{appendix.A}% 57
\BOOKMARK [2][-]{subsection.A.43.1}{Crude Weights}{section.A.43}% 58
\BOOKMARK [2][-]{subsection.A.43.2}{Adding Weight in Known Intervals}{section.A.43}% 59
\BOOKMARK [2][-]{subsection.A.43.3}{Precise Weights}{section.A.43}% 60
\BOOKMARK [1][-]{section.A.44}{White Tiles}{appendix.A}% 61
\BOOKMARK [1][-]{section.A.45}{Wire Gauze}{appendix.A}% 62
